<?xml version="1.0" encoding="UTF-8"?>
<!-- Generated by org.testng.reporters.JUnitReportReporter -->
<testsuite hostname="PriyadharshiniM" failures="0" tests="17" name="gpsImport.gpsFileCreationToImportCombined" time="78.420" errors="0" timestamp="2024-02-08T20:49:49 IST" skipped="4">
  <testcase classname="gpsImport.gpsFileCreationToImportCombined" name="createGpsFile" time="0.065"/>
  <system-out/>
  <testcase classname="gpsImport.gpsFileCreationToImportCombined" name="UrlDetails" time="0.001"/>
  <system-out/>
  <testcase classname="gpsImport.gpsFileCreationToImportCombined" name="UrlDetails" time="0.008"/>
  <system-out/>
  <testcase classname="gpsImport.gpsFileCreationToImportCombined" name="getaccesstest" time="3.735"/>
  <system-out/>
  <testcase classname="gpsImport.gpsFileCreationToImportCombined" name="getaccesstest" time="1.837"/>
  <system-out/>
  <testcase classname="gpsImport.gpsFileCreationToImportCombined" name="alconIntrospect" time="1.571"/>
  <system-out/>
  <testcase classname="gpsImport.gpsFileCreationToImportCombined" name="alconIntrospect" time="1.481"/>
  <system-out/>
  <testcase classname="gpsImport.gpsFileCreationToImportCombined" name="gpsEncodeCheck" time="11.924"/>
  <system-out/>
  <testcase classname="gpsImport.gpsFileCreationToImportCombined" name="getAccess" time="1.614"/>
  <system-out/>
  <testcase classname="gpsImport.gpsFileCreationToImportCombined" name="getKeys" time="0.258"/>
  <system-out/>
  <testcase classname="gpsImport.gpsFileCreationToImportCombined" name="fileEdit" time="0.000"/>
  <system-out/>
  <testcase classname="gpsImport.gpsFileCreationToImportCombined" name="cmdPromptFn" time="20.151"/>
  <system-out/>
  <testcase classname="gpsImport.gpsFileCreationToImportCombined" name="gpsFileImportWithoutPatientId" time="35.775"/>
  <system-out/>
  <testcase classname="gpsImport.gpsFileCreationToImportCombined" name="cmdPromptFnTwo">
    <skipped/>
  </testcase> <!-- cmdPromptFnTwo -->
  <system-out/>
  <testcase classname="gpsImport.gpsFileCreationToImportCombined" name="getaccess">
    <skipped/>
  </testcase> <!-- getaccess -->
  <system-out/>
  <testcase classname="gpsImport.gpsFileCreationToImportCombined" name="cmdPromptFnTwo">
    <skipped/>
  </testcase> <!-- cmdPromptFnTwo -->
  <system-out/>
  <testcase classname="gpsImport.gpsFileCreationToImportCombined" name="getaccess">
    <skipped/>
  </testcase> <!-- getaccess -->
  <system-out/>
</testsuite> <!-- gpsImport.gpsFileCreationToImportCombined -->
