<?xml version="1.0" encoding="UTF-8"?>
<!-- Generated by org.testng.reporters.JUnitReportReporter -->
<testsuite hostname="LP-5CG0435R7M" failures="0" tests="4" name="patientCreation.lenstarPatientCreation" time="16.630" errors="0" timestamp="2023-07-17T13:41:23 IST" skipped="0">
  <testcase classname="patientCreation.lenstarPatientCreation" name="UrlDetails" time="0.014"/>
  <system-out/>
  <testcase classname="patientCreation.lenstarPatientCreation" name="getaccess" time="10.856"/>
  <system-out/>
  <testcase classname="patientCreation.lenstarPatientCreation" name="alconIntrospect" time="2.262"/>
  <system-out/>
  <testcase classname="patientCreation.lenstarPatientCreation" name="emrPatientCreation" time="3.498"/>
  <system-out/>
</testsuite> <!-- patientCreation.lenstarPatientCreation -->
