<?xml version="1.0" encoding="UTF-8"?>
<!-- Generated by org.testng.reporters.JUnitReportReporter -->
<testsuite hostname="LP-5CG0435R7M" failures="0" tests="4" name="lenstar.FhirMeasurementImportWithPidCreation" time="14.150" errors="0" timestamp="2023-07-05T19:53:06 IST" skipped="0">
  <testcase classname="lenstar.FhirMeasurementImportWithPidCreation" name="UrlDetails" time="0.012"/>
  <system-out/>
  <testcase classname="lenstar.FhirMeasurementImportWithPidCreation" name="getaccesstest" time="6.595"/>
  <system-out/>
  <testcase classname="lenstar.FhirMeasurementImportWithPidCreation" name="alconIntrospect" time="1.828"/>
  <system-out/>
  <testcase classname="lenstar.FhirMeasurementImportWithPidCreation" name="fhirLenstar" time="5.715"/>
  <system-out/>
</testsuite> <!-- lenstar.FhirMeasurementImportWithPidCreation -->
