<?xml version="1.0" encoding="UTF-8"?>
<!-- Generated by org.testng.reporters.JUnitReportReporter -->
<testsuite hostname="LP-5CG0435R7M" failures="0" tests="5" name="refraction.refraction" time="13.336" errors="0" timestamp="2023-07-18T15:01:56 IST" skipped="1">
  <testcase classname="refraction.refraction" name="UrlDetails" time="0.014"/>
  <system-out/>
  <testcase classname="refraction.refraction" name="getaccesstest" time="6.209"/>
  <system-out/>
  <testcase classname="refraction.refraction" name="alconIntrospect" time="2.111"/>
  <system-out/>
  <testcase classname="refraction.refraction" name="refWithPid" time="5.002"/>
  <system-out/>
  <testcase classname="refraction.refraction" name="getaccess">
    <skipped/>
  </testcase> <!-- getaccess -->
  <system-out/>
</testsuite> <!-- refraction.refraction -->
