<?xml version="1.0" encoding="UTF-8"?>
<!-- Generated by org.testng.reporters.JUnitReportReporter -->
<testsuite hostname="LP-5CG0435R7M" failures="0" tests="5" name="patientCreation.testPatientCreation" time="12.779" errors="0" timestamp="2023-07-17T15:40:45 IST" skipped="1">
  <testcase classname="patientCreation.testPatientCreation" name="UrlDetails" time="0.014"/>
  <system-out/>
  <testcase classname="patientCreation.testPatientCreation" name="getaccesstest" time="6.834"/>
  <system-out/>
  <testcase classname="patientCreation.testPatientCreation" name="alconIntrospect" time="2.123"/>
  <system-out/>
  <testcase classname="patientCreation.testPatientCreation" name="testPatientCreation" time="3.808"/>
  <system-out/>
  <testcase classname="patientCreation.testPatientCreation" name="getaccess">
    <skipped/>
  </testcase> <!-- getaccess -->
  <system-out/>
</testsuite> <!-- patientCreation.testPatientCreation -->
