<?xml version="1.0" encoding="UTF-8"?>
<!-- Generated by org.testng.reporters.JUnitReportReporter -->
<testsuite hostname="LP-5CG0435R7M" failures="0" tests="5" name="testPatientCreation.testPatientCreation" time="16.322" errors="0" timestamp="2023-07-17T14:41:30 IST" skipped="1">
  <testcase classname="testPatientCreation.testPatientCreation" name="UrlDetails" time="0.012"/>
  <system-out/>
  <testcase classname="testPatientCreation.testPatientCreation" name="getaccesstest" time="7.361"/>
  <system-out/>
  <testcase classname="testPatientCreation.testPatientCreation" name="alconIntrospect" time="5.341"/>
  <system-out/>
  <testcase classname="testPatientCreation.testPatientCreation" name="testPatientCreation" time="3.608"/>
  <system-out/>
  <testcase classname="testPatientCreation.testPatientCreation" name="getaccess">
    <skipped/>
  </testcase> <!-- getaccess -->
  <system-out/>
</testsuite> <!-- testPatientCreation.testPatientCreation -->
