<?xml version="1.0" encoding="UTF-8"?>
<!-- Generated by org.testng.reporters.JUnitReportReporter -->
<testsuite hostname="LP-5CG0435R7M" failures="0" tests="1" name="lenstar.testExecution" time="0.018" errors="0" timestamp="2023-07-05T19:43:46 IST" skipped="0">
  <testcase classname="lenstar.testExecution" name="testcheck" time="0.018"/>
  <system-out/>
</testsuite> <!-- lenstar.testExecution -->
