<?xml version="1.0" encoding="UTF-8"?>
<!-- Generated by org.testng.reporters.JUnitReportReporter -->
<testsuite hostname="LP-5CG0435R7M" failures="0" tests="20" name="patientCreation.PatientCreation" time="49.858" errors="0" timestamp="2023-07-17T13:59:42 IST" skipped="0">
  <testcase classname="patientCreation.PatientCreation" name="UrlDetails" time="0.002"/>
  <system-out/>
  <testcase classname="patientCreation.PatientCreation" name="UrlDetails" time="0.017"/>
  <system-out/>
  <testcase classname="patientCreation.PatientCreation" name="UrlDetails" time="0.002"/>
  <system-out/>
  <testcase classname="patientCreation.PatientCreation" name="UrlDetails" time="0.002"/>
  <system-out/>
  <testcase classname="patientCreation.PatientCreation" name="UrlDetails" time="0.001"/>
  <system-out/>
  <testcase classname="patientCreation.PatientCreation" name="getaccess" time="2.387"/>
  <system-out/>
  <testcase classname="patientCreation.PatientCreation" name="getaccess" time="11.199"/>
  <system-out/>
  <testcase classname="patientCreation.PatientCreation" name="getaccess" time="2.177"/>
  <system-out/>
  <testcase classname="patientCreation.PatientCreation" name="getaccess" time="2.341"/>
  <system-out/>
  <testcase classname="patientCreation.PatientCreation" name="getaccess" time="2.801"/>
  <system-out/>
  <testcase classname="patientCreation.PatientCreation" name="alconIntrospect" time="2.136"/>
  <system-out/>
  <testcase classname="patientCreation.PatientCreation" name="alconIntrospect" time="1.956"/>
  <system-out/>
  <testcase classname="patientCreation.PatientCreation" name="alconIntrospect" time="2.027"/>
  <system-out/>
  <testcase classname="patientCreation.PatientCreation" name="alconIntrospect" time="3.274"/>
  <system-out/>
  <testcase classname="patientCreation.PatientCreation" name="alconIntrospect" time="2.200"/>
  <system-out/>
  <testcase classname="patientCreation.PatientCreation" name="oraPatientCreation" time="3.009"/>
  <system-out/>
  <testcase classname="patientCreation.PatientCreation" name="crsPatientCreation" time="3.079"/>
  <system-out/>
  <testcase classname="patientCreation.PatientCreation" name="emrPatientCreation" time="2.977"/>
  <system-out/>
  <testcase classname="patientCreation.PatientCreation" name="lenstarPatientCreation" time="5.272"/>
  <system-out/>
  <testcase classname="patientCreation.PatientCreation" name="dicomPatientCreation" time="2.999"/>
  <system-out/>
</testsuite> <!-- patientCreation.PatientCreation -->
