<?xml version="1.0" encoding="UTF-8"?>
<!-- Generated by org.testng.reporters.JUnitReportReporter -->
<testsuite hostname="LP-5CG0435R7M" failures="0" tests="5" name="patientCreation.patientCreationWay2" time="11.961" errors="0" timestamp="2023-07-17T16:04:49 IST" skipped="1">
  <testcase classname="patientCreation.patientCreationWay2" name="UrlDetails" time="0.016"/>
  <system-out/>
  <testcase classname="patientCreation.patientCreationWay2" name="getaccesstest" time="6.769"/>
  <system-out/>
  <testcase classname="patientCreation.patientCreationWay2" name="alconIntrospect" time="1.927"/>
  <system-out/>
  <testcase classname="patientCreation.patientCreationWay2" name="PatientCreationInCapp" time="3.249"/>
  <system-out/>
  <testcase classname="patientCreation.patientCreationWay2" name="getaccess">
    <skipped/>
  </testcase> <!-- getaccess -->
  <system-out/>
</testsuite> <!-- patientCreation.patientCreationWay2 -->
