<?xml version="1.0" encoding="UTF-8"?>
<!-- Generated by org.testng.reporters.JUnitReportReporter -->
<testsuite hostname="LP-5CG0435R7M" failures="0" tests="7" name="orderMeasurements.orderMeasurements" time="28.301" errors="0" timestamp="2023-07-20T15:27:28 IST" skipped="1">
  <testcase classname="orderMeasurements.orderMeasurements" name="createGpsFile" time="0.103"/>
  <system-out/>
  <testcase classname="orderMeasurements.orderMeasurements" name="UrlDetails" time="0.012"/>
  <system-out/>
  <testcase classname="orderMeasurements.orderMeasurements" name="getaccesstest" time="6.262"/>
  <system-out/>
  <testcase classname="orderMeasurements.orderMeasurements" name="alconIntrospect" time="2.123"/>
  <system-out/>
  <testcase classname="orderMeasurements.orderMeasurements" name="gpsEncodeCheck" time="16.167"/>
  <system-out/>
  <testcase classname="orderMeasurements.orderMeasurements" name="fhirOrderMeasApi" time="3.634"/>
  <system-out/>
  <testcase classname="orderMeasurements.orderMeasurements" name="getaccess">
    <skipped/>
  </testcase> <!-- getaccess -->
  <system-out/>
</testsuite> <!-- orderMeasurements.orderMeasurements -->
