<?xml version="1.0" encoding="UTF-8"?>
<!-- Generated by org.testng.reporters.JUnitReportReporter -->
<testsuite hostname="LP-5CG0435R7M" failures="0" tests="10" name="gpsImport.gpsFileCreationToImportCombined" time="103.973" errors="0" timestamp="2023-07-20T12:35:28 IST" skipped="2">
  <testcase classname="gpsImport.gpsFileCreationToImportCombined" name="UrlDetails" time="0.011"/>
  <system-out/>
  <testcase classname="gpsImport.gpsFileCreationToImportCombined" name="getaccesstest" time="10.302"/>
  <system-out/>
  <testcase classname="gpsImport.gpsFileCreationToImportCombined" name="alconIntrospect" time="1.691"/>
  <system-out/>
  <testcase classname="gpsImport.gpsFileCreationToImportCombined" name="getAccess" time="2.072"/>
  <system-out/>
  <testcase classname="gpsImport.gpsFileCreationToImportCombined" name="getKeys" time="0.465"/>
  <system-out/>
  <testcase classname="gpsImport.gpsFileCreationToImportCombined" name="fileEdit" time="0.024"/>
  <system-out/>
  <testcase classname="gpsImport.gpsFileCreationToImportCombined" name="cmdPromptFn" time="51.562"/>
  <system-out/>
  <testcase classname="gpsImport.gpsFileCreationToImportCombined" name="gpsFileImportWithoutPatientId" time="37.846"/>
  <system-out/>
  <testcase classname="gpsImport.gpsFileCreationToImportCombined" name="getaccess">
    <skipped/>
  </testcase> <!-- getaccess -->
  <system-out/>
  <testcase classname="gpsImport.gpsFileCreationToImportCombined" name="cmdPromptFnTwo">
    <skipped/>
  </testcase> <!-- cmdPromptFnTwo -->
  <system-out/>
</testsuite> <!-- gpsImport.gpsFileCreationToImportCombined -->
